2014-10-12 19:43:20 INFO  App:25 - Starting up...
2014-10-12 19:43:20 INFO  App:18 - Running...
2014-10-12 19:43:50 INFO  App:18 - Running...
2014-10-12 19:44:17 INFO  App:25 - Starting up...
2014-10-12 19:44:19 INFO  App:18 - Running...
2014-10-12 19:44:48 INFO  App:25 - Starting up...
2014-10-12 19:44:52 INFO  App:18 - Running...
2014-10-12 19:47:10 INFO  MainIntegrator:43 - Running ./src/test/resources/sample.sh...
2014-10-12 19:47:40 INFO  MainIntegrator:43 - Running ./src/test/resources/sample.sh...
2014-10-12 19:47:58 INFO  MainIntegrator:43 - Running ./src/test/resources/sample.sh...
2014-10-12 19:51:38 INFO  MainIntegrator:43 - Running ./src/test/resources/sample.sh...
2014-10-12 19:52:13 INFO  App:25 - Starting up...
2014-10-12 19:52:13 INFO  App:18 - Running...
2014-10-12 19:52:43 INFO  App:18 - Running...
2014-10-12 19:53:13 INFO  App:18 - Running...
2014-10-12 19:56:25 INFO  MainIntegrator:38 - Repository caarlos0/github-integrator has 1 open PRs...
2014-10-12 19:56:25 INFO  ScriptedRepository:23 - Matching 'run this please' agains 'run this please'...
2014-10-12 19:56:25 INFO  MainIntegrator:46 - Running ./src/test/resources/sample.sh...
2014-10-12 19:56:26 INFO  ScriptedRepository:23 - Matching 'Ok, working on 'run this please'' agains 'run this please'...
2014-10-12 19:56:26 INFO  ScriptedRepository:23 - Matching 'Ok, working on 'run this please'...' agains 'run this please'...
2014-10-12 19:56:26 INFO  ScriptedRepository:23 - Matching 'Ok, working on 'run this please'...' agains 'run this please'...
2014-10-12 19:56:26 INFO  ScriptedRepository:23 - Matching 'Ok, working on 'run this please'...' agains 'run this please'...
2014-10-12 19:56:26 INFO  ScriptedRepository:23 - Matching 'Ok, working on 'run this please'...' agains 'run this please'...
2014-10-12 19:56:26 INFO  ScriptedRepository:23 - Matching 'Ok, working on 'run this please'...' agains 'run this please'...
2014-10-12 19:56:26 INFO  ScriptedRepository:23 - Matching 'Ok, working on 'run this please'...' agains 'run this please'...
2014-10-12 19:56:26 INFO  ScriptedRepository:23 - Matching 'Ok, working on 'run this please'...' agains 'run this please'...
2014-10-12 19:56:26 INFO  ScriptedRepository:23 - Matching 'Ok, working on 'run this please'...' agains 'run this please'...
2014-10-12 19:56:26 INFO  MainIntegrator:38 - Repository caarlos0/guice-junit-test-runner has 0 open PRs...
2014-10-12 19:56:53 INFO  App:25 - Starting up...
2014-10-12 19:56:53 INFO  App:18 - Running...
2014-10-12 19:57:23 INFO  App:18 - Running...
2014-10-12 19:58:57 INFO  App:25 - Starting up...
2014-10-12 19:58:58 INFO  App:18 - Running...
2014-10-12 19:59:41 INFO  MainIntegrator:38 - Repository caarlos0/github-integrator has 1 open PRs...
2014-10-12 19:59:41 INFO  ScriptedRepository:23 - Matching 'run this please' agains 'run this please'...
2014-10-12 19:59:41 INFO  MainIntegrator:46 - Running ./src/test/resources/sample.sh...
2014-10-12 19:59:41 INFO  ScriptedRepository:23 - Matching 'Ok, working on 'run this please'' agains 'run this please'...
2014-10-12 19:59:41 INFO  ScriptedRepository:23 - Matching 'Ok, working on 'run this please'...' agains 'run this please'...
2014-10-12 19:59:41 INFO  ScriptedRepository:23 - Matching 'Ok, working on 'run this please'...' agains 'run this please'...
2014-10-12 19:59:41 INFO  ScriptedRepository:23 - Matching 'Ok, working on 'run this please'...' agains 'run this please'...
2014-10-12 19:59:41 INFO  ScriptedRepository:23 - Matching 'Ok, working on 'run this please'...' agains 'run this please'...
2014-10-12 19:59:41 INFO  ScriptedRepository:23 - Matching 'Ok, working on 'run this please'...' agains 'run this please'...
2014-10-12 19:59:41 INFO  ScriptedRepository:23 - Matching 'Ok, working on 'run this please'...' agains 'run this please'...
2014-10-12 19:59:41 INFO  ScriptedRepository:23 - Matching 'Ok, working on 'run this please'...' agains 'run this please'...
2014-10-12 19:59:41 INFO  ScriptedRepository:23 - Matching 'Ok, working on 'run this please'...' agains 'run this please'...
2014-10-12 19:59:41 INFO  ScriptedRepository:23 - Matching 'Ok, working on 'run this please'...' agains 'run this please'...
2014-10-12 19:59:41 INFO  ScriptedRepository:23 - Matching 'run this please' agains 'run this please'...
2014-10-12 19:59:41 INFO  MainIntegrator:46 - Running ./src/test/resources/sample.sh...
2014-10-12 19:59:42 INFO  MainIntegrator:38 - Repository caarlos0/guice-junit-test-runner has 0 open PRs...
2014-10-12 19:59:50 INFO  App:26 - Starting up...
2014-10-12 19:59:50 INFO  App:17 - Config is {java.runtime.name=Java(TM) SE Runtime Environment, sun.boot.library.path=/Library/Java/JavaVirtualMachines/jdk1.8.0_11.jdk/Contents/Home/jre/lib, java.vm.version=25.11-b03, gopherProxySet=false, java.vm.vendor=Oracle Corporation, java.vendor.url=http://java.oracle.com/, path.separator=:, java.vm.name=Java HotSpot(TM) 64-Bit Server VM, file.encoding.pkg=sun.io, user.country=US, sun.java.launcher=SUN_STANDARD, sun.os.patch.level=unknown, java.vm.specification.name=Java Virtual Machine Specification, user.dir=/Users/carlos/Code/github-jenkins-integrator, java.runtime.version=1.8.0_11-b12, java.awt.graphicsenv=sun.awt.CGraphicsEnvironment, java.endorsed.dirs=/Library/Java/JavaVirtualMachines/jdk1.8.0_11.jdk/Contents/Home/jre/lib/endorsed, os.arch=x86_64, java.io.tmpdir=/var/folders/g0/9s5cdwrs1l547h6_wrthv5yc0000gn/T/, line.separator=
, java.vm.specification.vendor=Oracle Corporation, os.name=Mac OS X, sun.jnu.encoding=UTF-8, java.library.path=/Users/carlos/Library/Java/Extensions:/Library/Java/Extensions:/Network/Library/Java/Extensions:/System/Library/Java/Extensions:/usr/lib/java:., java.specification.name=Java Platform API Specification, java.class.version=52.0, sun.management.compiler=HotSpot 64-Bit Tiered Compilers, period=30, os.version=10.10, http.nonProxyHosts=local|*.local|169.254/16|*.169.254/16, user.home=/Users/carlos, user.timezone=America/Sao_Paulo, java.awt.printerjob=sun.lwawt.macosx.CPrinterJob, file.encoding=UTF-8, java.specification.version=1.8, user.name=carlos, java.class.path=./target/github-integrator-1.0-SNAPSHOT-jar-with-dependencies.jar, java.vm.specification.version=1.8, sun.arch.data.model=64, java.home=/Library/Java/JavaVirtualMachines/jdk1.8.0_11.jdk/Contents/Home/jre, sun.java.command=./target/github-integrator-1.0-SNAPSHOT-jar-with-dependencies.jar -P ./my.properties, java.specification.vendor=Oracle Corporation, user.language=en, awt.toolkit=sun.lwawt.macosx.LWCToolkit, java.vm.info=mixed mode, java.version=1.8.0_11, java.ext.dirs=/Users/carlos/Library/Java/Extensions:/Library/Java/JavaVirtualMachines/jdk1.8.0_11.jdk/Contents/Home/jre/lib/ext:/Library/Java/Extensions:/Network/Library/Java/Extensions:/System/Library/Java/Extensions:/usr/lib/java, sun.boot.class.path=/Library/Java/JavaVirtualMachines/jdk1.8.0_11.jdk/Contents/Home/jre/lib/resources.jar:/Library/Java/JavaVirtualMachines/jdk1.8.0_11.jdk/Contents/Home/jre/lib/rt.jar:/Library/Java/JavaVirtualMachines/jdk1.8.0_11.jdk/Contents/Home/jre/lib/sunrsasign.jar:/Library/Java/JavaVirtualMachines/jdk1.8.0_11.jdk/Contents/Home/jre/lib/jsse.jar:/Library/Java/JavaVirtualMachines/jdk1.8.0_11.jdk/Contents/Home/jre/lib/jce.jar:/Library/Java/JavaVirtualMachines/jdk1.8.0_11.jdk/Contents/Home/jre/lib/charsets.jar:/Library/Java/JavaVirtualMachines/jdk1.8.0_11.jdk/Contents/Home/jre/lib/jfr.jar:/Library/Java/JavaVirtualMachines/jdk1.8.0_11.jdk/Contents/Home/jre/classes, java.vendor=Oracle Corporation, file.separator=/, java.vendor.url.bug=http://bugreport.sun.com/bugreport/, sun.cpu.endian=little, sun.io.unicode.encoding=UnicodeBig, socksNonProxyHosts=local|*.local|169.254/16|*.169.254/16, ftp.nonProxyHosts=local|*.local|169.254/16|*.169.254/16, sun.cpu.isalist=}
2014-10-12 19:59:50 INFO  App:19 - Running...
2014-10-12 20:01:56 INFO  MainIntegrator:38 - Repository caarlos0/github-integrator has 1 open PRs...
2014-10-12 20:01:57 INFO  ScriptedRepository:23 - Matching 'run this please' agains 'run this please'...
2014-10-12 20:01:57 INFO  MainIntegrator:46 - Running ./src/test/resources/sample.sh...
2014-10-12 20:01:57 INFO  ScriptedRepository:23 - Matching 'Ok, working on 'run this please'' agains 'run this please'...
2014-10-12 20:01:57 INFO  ScriptedRepository:23 - Matching 'Ok, working on 'run this please'...' agains 'run this please'...
2014-10-12 20:01:57 INFO  ScriptedRepository:23 - Matching 'Ok, working on 'run this please'...' agains 'run this please'...
2014-10-12 20:01:57 INFO  ScriptedRepository:23 - Matching 'Ok, working on 'run this please'...' agains 'run this please'...
2014-10-12 20:01:57 INFO  ScriptedRepository:23 - Matching 'Ok, working on 'run this please'...' agains 'run this please'...
2014-10-12 20:01:57 INFO  ScriptedRepository:23 - Matching 'Ok, working on 'run this please'...' agains 'run this please'...
2014-10-12 20:01:57 INFO  ScriptedRepository:23 - Matching 'Ok, working on 'run this please'...' agains 'run this please'...
2014-10-12 20:01:57 INFO  ScriptedRepository:23 - Matching 'Ok, working on 'run this please'...' agains 'run this please'...
2014-10-12 20:01:57 INFO  ScriptedRepository:23 - Matching 'Ok, working on 'run this please'...' agains 'run this please'...
2014-10-12 20:01:57 INFO  ScriptedRepository:23 - Matching 'Ok, working on 'run this please'...' agains 'run this please'...
2014-10-12 20:01:57 INFO  ScriptedRepository:23 - Matching 'run this please' agains 'run this please'...
2014-10-12 20:01:57 INFO  MainIntegrator:46 - Running ./src/test/resources/sample.sh...
2014-10-12 20:01:57 INFO  ScriptedRepository:23 - Matching 'Ok, working on 'run this please'...' agains 'run this please'...
2014-10-12 20:01:57 INFO  ScriptedRepository:23 - Matching 'Ok, working on 'run this please'...' agains 'run this please'...
2014-10-12 20:01:57 INFO  MainIntegrator:38 - Repository caarlos0/guice-junit-test-runner has 0 open PRs...
2014-10-12 20:02:20 INFO  App:26 - Starting up...
2014-10-12 20:02:20 INFO  App:27 - [Ljava.lang.String;@133314b
2014-10-12 20:02:20 INFO  App:17 - Config is {java.runtime.name=Java(TM) SE Runtime Environment, sun.boot.library.path=/Library/Java/JavaVirtualMachines/jdk1.8.0_11.jdk/Contents/Home/jre/lib, java.vm.version=25.11-b03, gopherProxySet=false, java.vm.vendor=Oracle Corporation, java.vendor.url=http://java.oracle.com/, path.separator=:, java.vm.name=Java HotSpot(TM) 64-Bit Server VM, file.encoding.pkg=sun.io, user.country=US, sun.java.launcher=SUN_STANDARD, sun.os.patch.level=unknown, java.vm.specification.name=Java Virtual Machine Specification, user.dir=/Users/carlos/Code/github-jenkins-integrator, java.runtime.version=1.8.0_11-b12, java.awt.graphicsenv=sun.awt.CGraphicsEnvironment, java.endorsed.dirs=/Library/Java/JavaVirtualMachines/jdk1.8.0_11.jdk/Contents/Home/jre/lib/endorsed, os.arch=x86_64, java.io.tmpdir=/var/folders/g0/9s5cdwrs1l547h6_wrthv5yc0000gn/T/, line.separator=
, java.vm.specification.vendor=Oracle Corporation, os.name=Mac OS X, sun.jnu.encoding=UTF-8, java.library.path=/Users/carlos/Library/Java/Extensions:/Library/Java/Extensions:/Network/Library/Java/Extensions:/System/Library/Java/Extensions:/usr/lib/java:., java.specification.name=Java Platform API Specification, java.class.version=52.0, sun.management.compiler=HotSpot 64-Bit Tiered Compilers, period=30, os.version=10.10, http.nonProxyHosts=local|*.local|169.254/16|*.169.254/16, user.home=/Users/carlos, user.timezone=America/Sao_Paulo, java.awt.printerjob=sun.lwawt.macosx.CPrinterJob, file.encoding=UTF-8, java.specification.version=1.8, user.name=carlos, java.class.path=./target/github-integrator-1.0-SNAPSHOT-jar-with-dependencies.jar, java.vm.specification.version=1.8, sun.arch.data.model=64, java.home=/Library/Java/JavaVirtualMachines/jdk1.8.0_11.jdk/Contents/Home/jre, sun.java.command=./target/github-integrator-1.0-SNAPSHOT-jar-with-dependencies.jar -P ./my.properties, java.specification.vendor=Oracle Corporation, user.language=en, awt.toolkit=sun.lwawt.macosx.LWCToolkit, java.vm.info=mixed mode, java.version=1.8.0_11, java.ext.dirs=/Users/carlos/Library/Java/Extensions:/Library/Java/JavaVirtualMachines/jdk1.8.0_11.jdk/Contents/Home/jre/lib/ext:/Library/Java/Extensions:/Network/Library/Java/Extensions:/System/Library/Java/Extensions:/usr/lib/java, sun.boot.class.path=/Library/Java/JavaVirtualMachines/jdk1.8.0_11.jdk/Contents/Home/jre/lib/resources.jar:/Library/Java/JavaVirtualMachines/jdk1.8.0_11.jdk/Contents/Home/jre/lib/rt.jar:/Library/Java/JavaVirtualMachines/jdk1.8.0_11.jdk/Contents/Home/jre/lib/sunrsasign.jar:/Library/Java/JavaVirtualMachines/jdk1.8.0_11.jdk/Contents/Home/jre/lib/jsse.jar:/Library/Java/JavaVirtualMachines/jdk1.8.0_11.jdk/Contents/Home/jre/lib/jce.jar:/Library/Java/JavaVirtualMachines/jdk1.8.0_11.jdk/Contents/Home/jre/lib/charsets.jar:/Library/Java/JavaVirtualMachines/jdk1.8.0_11.jdk/Contents/Home/jre/lib/jfr.jar:/Library/Java/JavaVirtualMachines/jdk1.8.0_11.jdk/Contents/Home/jre/classes, java.vendor=Oracle Corporation, file.separator=/, java.vendor.url.bug=http://bugreport.sun.com/bugreport/, sun.cpu.endian=little, sun.io.unicode.encoding=UnicodeBig, socksNonProxyHosts=local|*.local|169.254/16|*.169.254/16, ftp.nonProxyHosts=local|*.local|169.254/16|*.169.254/16, sun.cpu.isalist=}
2014-10-12 20:02:20 INFO  App:19 - Running...
2014-10-12 20:02:53 INFO  MainIntegrator:38 - Repository caarlos0/github-integrator has 1 open PRs...
2014-10-12 20:02:53 INFO  ScriptedRepository:23 - Matching 'run this please' agains 'run this please'...
2014-10-12 20:02:53 INFO  MainIntegrator:46 - Running ./src/test/resources/sample.sh...
2014-10-12 20:02:54 INFO  ScriptedRepository:23 - Matching 'Ok, working on 'run this please'' agains 'run this please'...
2014-10-12 20:02:54 INFO  ScriptedRepository:23 - Matching 'Ok, working on 'run this please'...' agains 'run this please'...
2014-10-12 20:02:54 INFO  ScriptedRepository:23 - Matching 'Ok, working on 'run this please'...' agains 'run this please'...
2014-10-12 20:02:54 INFO  ScriptedRepository:23 - Matching 'Ok, working on 'run this please'...' agains 'run this please'...
2014-10-12 20:02:54 INFO  ScriptedRepository:23 - Matching 'Ok, working on 'run this please'...' agains 'run this please'...
2014-10-12 20:02:54 INFO  ScriptedRepository:23 - Matching 'Ok, working on 'run this please'...' agains 'run this please'...
2014-10-12 20:02:54 INFO  ScriptedRepository:23 - Matching 'Ok, working on 'run this please'...' agains 'run this please'...
2014-10-12 20:02:54 INFO  ScriptedRepository:23 - Matching 'Ok, working on 'run this please'...' agains 'run this please'...
2014-10-12 20:02:54 INFO  ScriptedRepository:23 - Matching 'Ok, working on 'run this please'...' agains 'run this please'...
2014-10-12 20:02:54 INFO  ScriptedRepository:23 - Matching 'Ok, working on 'run this please'...' agains 'run this please'...
2014-10-12 20:02:54 INFO  ScriptedRepository:23 - Matching 'run this please' agains 'run this please'...
2014-10-12 20:02:54 INFO  MainIntegrator:46 - Running ./src/test/resources/sample.sh...
2014-10-12 20:02:54 INFO  ScriptedRepository:23 - Matching 'Ok, working on 'run this please'...' agains 'run this please'...
2014-10-12 20:02:54 INFO  ScriptedRepository:23 - Matching 'Ok, working on 'run this please'...' agains 'run this please'...
2014-10-12 20:02:54 INFO  ScriptedRepository:23 - Matching 'Ok, working on 'run this please'...' agains 'run this please'...
2014-10-12 20:02:54 INFO  ScriptedRepository:23 - Matching 'Ok, working on 'run this please'...' agains 'run this please'...
2014-10-12 20:02:54 INFO  MainIntegrator:38 - Repository caarlos0/guice-junit-test-runner has 0 open PRs...
2014-10-12 20:02:58 INFO  App:26 - Starting up...
2014-10-12 20:02:58 INFO  App:27 - -P
2014-10-12 20:02:59 INFO  App:17 - Config is {java.runtime.name=Java(TM) SE Runtime Environment, sun.boot.library.path=/Library/Java/JavaVirtualMachines/jdk1.8.0_11.jdk/Contents/Home/jre/lib, java.vm.version=25.11-b03, gopherProxySet=false, java.vm.vendor=Oracle Corporation, java.vendor.url=http://java.oracle.com/, path.separator=:, java.vm.name=Java HotSpot(TM) 64-Bit Server VM, file.encoding.pkg=sun.io, user.country=US, sun.java.launcher=SUN_STANDARD, sun.os.patch.level=unknown, java.vm.specification.name=Java Virtual Machine Specification, user.dir=/Users/carlos/Code/github-jenkins-integrator, java.runtime.version=1.8.0_11-b12, java.awt.graphicsenv=sun.awt.CGraphicsEnvironment, java.endorsed.dirs=/Library/Java/JavaVirtualMachines/jdk1.8.0_11.jdk/Contents/Home/jre/lib/endorsed, os.arch=x86_64, java.io.tmpdir=/var/folders/g0/9s5cdwrs1l547h6_wrthv5yc0000gn/T/, line.separator=
, java.vm.specification.vendor=Oracle Corporation, os.name=Mac OS X, sun.jnu.encoding=UTF-8, java.library.path=/Users/carlos/Library/Java/Extensions:/Library/Java/Extensions:/Network/Library/Java/Extensions:/System/Library/Java/Extensions:/usr/lib/java:., java.specification.name=Java Platform API Specification, java.class.version=52.0, sun.management.compiler=HotSpot 64-Bit Tiered Compilers, period=30, os.version=10.10, http.nonProxyHosts=local|*.local|169.254/16|*.169.254/16, user.home=/Users/carlos, user.timezone=America/Sao_Paulo, java.awt.printerjob=sun.lwawt.macosx.CPrinterJob, file.encoding=UTF-8, java.specification.version=1.8, user.name=carlos, java.class.path=./target/github-integrator-1.0-SNAPSHOT-jar-with-dependencies.jar, java.vm.specification.version=1.8, sun.arch.data.model=64, java.home=/Library/Java/JavaVirtualMachines/jdk1.8.0_11.jdk/Contents/Home/jre, sun.java.command=./target/github-integrator-1.0-SNAPSHOT-jar-with-dependencies.jar -P ./my.properties, java.specification.vendor=Oracle Corporation, user.language=en, awt.toolkit=sun.lwawt.macosx.LWCToolkit, java.vm.info=mixed mode, java.version=1.8.0_11, java.ext.dirs=/Users/carlos/Library/Java/Extensions:/Library/Java/JavaVirtualMachines/jdk1.8.0_11.jdk/Contents/Home/jre/lib/ext:/Library/Java/Extensions:/Network/Library/Java/Extensions:/System/Library/Java/Extensions:/usr/lib/java, sun.boot.class.path=/Library/Java/JavaVirtualMachines/jdk1.8.0_11.jdk/Contents/Home/jre/lib/resources.jar:/Library/Java/JavaVirtualMachines/jdk1.8.0_11.jdk/Contents/Home/jre/lib/rt.jar:/Library/Java/JavaVirtualMachines/jdk1.8.0_11.jdk/Contents/Home/jre/lib/sunrsasign.jar:/Library/Java/JavaVirtualMachines/jdk1.8.0_11.jdk/Contents/Home/jre/lib/jsse.jar:/Library/Java/JavaVirtualMachines/jdk1.8.0_11.jdk/Contents/Home/jre/lib/jce.jar:/Library/Java/JavaVirtualMachines/jdk1.8.0_11.jdk/Contents/Home/jre/lib/charsets.jar:/Library/Java/JavaVirtualMachines/jdk1.8.0_11.jdk/Contents/Home/jre/lib/jfr.jar:/Library/Java/JavaVirtualMachines/jdk1.8.0_11.jdk/Contents/Home/jre/classes, java.vendor=Oracle Corporation, file.separator=/, java.vendor.url.bug=http://bugreport.sun.com/bugreport/, sun.cpu.endian=little, sun.io.unicode.encoding=UnicodeBig, socksNonProxyHosts=local|*.local|169.254/16|*.169.254/16, ftp.nonProxyHosts=local|*.local|169.254/16|*.169.254/16, sun.cpu.isalist=}
2014-10-12 20:02:59 INFO  App:19 - Running...
2014-10-12 20:03:29 INFO  App:19 - Running...
2014-10-12 20:05:03 INFO  MainIntegrator:38 - Repository caarlos0/github-integrator has 1 open PRs...
2014-10-12 20:05:03 INFO  ScriptedRepository:23 - Matching 'run this please' agains 'run this please'...
2014-10-12 20:05:03 INFO  MainIntegrator:46 - Running ./src/test/resources/sample.sh...
2014-10-12 20:05:03 INFO  ScriptedRepository:23 - Matching 'Ok, working on 'run this please'' agains 'run this please'...
2014-10-12 20:05:03 INFO  ScriptedRepository:23 - Matching 'Ok, working on 'run this please'...' agains 'run this please'...
2014-10-12 20:05:03 INFO  ScriptedRepository:23 - Matching 'Ok, working on 'run this please'...' agains 'run this please'...
2014-10-12 20:05:03 INFO  ScriptedRepository:23 - Matching 'Ok, working on 'run this please'...' agains 'run this please'...
2014-10-12 20:05:03 INFO  ScriptedRepository:23 - Matching 'Ok, working on 'run this please'...' agains 'run this please'...
2014-10-12 20:05:03 INFO  ScriptedRepository:23 - Matching 'Ok, working on 'run this please'...' agains 'run this please'...
2014-10-12 20:05:03 INFO  ScriptedRepository:23 - Matching 'Ok, working on 'run this please'...' agains 'run this please'...
2014-10-12 20:05:03 INFO  ScriptedRepository:23 - Matching 'Ok, working on 'run this please'...' agains 'run this please'...
2014-10-12 20:05:03 INFO  ScriptedRepository:23 - Matching 'Ok, working on 'run this please'...' agains 'run this please'...
2014-10-12 20:05:03 INFO  ScriptedRepository:23 - Matching 'Ok, working on 'run this please'...' agains 'run this please'...
2014-10-12 20:05:03 INFO  ScriptedRepository:23 - Matching 'run this please' agains 'run this please'...
2014-10-12 20:05:03 INFO  MainIntegrator:46 - Running ./src/test/resources/sample.sh...
2014-10-12 20:05:04 INFO  ScriptedRepository:23 - Matching 'Ok, working on 'run this please'...' agains 'run this please'...
2014-10-12 20:05:04 INFO  ScriptedRepository:23 - Matching 'Ok, working on 'run this please'...' agains 'run this please'...
2014-10-12 20:05:04 INFO  ScriptedRepository:23 - Matching 'Ok, working on 'run this please'...' agains 'run this please'...
2014-10-12 20:05:04 INFO  ScriptedRepository:23 - Matching 'Ok, working on 'run this please'...' agains 'run this please'...
2014-10-12 20:05:04 INFO  ScriptedRepository:23 - Matching 'Ok, working on 'run this please'...' agains 'run this please'...
2014-10-12 20:05:04 INFO  ScriptedRepository:23 - Matching 'Ok, working on 'run this please'...' agains 'run this please'...
2014-10-12 20:05:04 INFO  MainIntegrator:38 - Repository caarlos0/guice-junit-test-runner has 0 open PRs...
2014-10-12 20:05:09 INFO  App:28 - Starting up...
2014-10-12 20:05:10 INFO  App:21 - Running...
2014-10-12 20:05:11 INFO  MainIntegrator:38 - Repository caarlos0/github-integrator has 1 open PRs...
2014-10-12 20:05:11 INFO  ScriptedRepository:23 - Matching 'run this please' agains 'run this please'...
2014-10-12 20:05:11 INFO  MainIntegrator:46 - Running ./src/test/resources/sample.sh...
2014-10-12 20:05:11 INFO  ScriptedRepository:23 - Matching 'Ok, working on 'run this please'' agains 'run this please'...
2014-10-12 20:05:11 INFO  ScriptedRepository:23 - Matching 'Ok, working on 'run this please'...' agains 'run this please'...
2014-10-12 20:05:11 INFO  ScriptedRepository:23 - Matching 'Ok, working on 'run this please'...' agains 'run this please'...
2014-10-12 20:05:11 INFO  ScriptedRepository:23 - Matching 'Ok, working on 'run this please'...' agains 'run this please'...
2014-10-12 20:05:11 INFO  ScriptedRepository:23 - Matching 'Ok, working on 'run this please'...' agains 'run this please'...
2014-10-12 20:05:11 INFO  ScriptedRepository:23 - Matching 'Ok, working on 'run this please'...' agains 'run this please'...
2014-10-12 20:05:11 INFO  ScriptedRepository:23 - Matching 'Ok, working on 'run this please'...' agains 'run this please'...
2014-10-12 20:05:11 INFO  ScriptedRepository:23 - Matching 'Ok, working on 'run this please'...' agains 'run this please'...
2014-10-12 20:05:11 INFO  ScriptedRepository:23 - Matching 'Ok, working on 'run this please'...' agains 'run this please'...
2014-10-12 20:05:11 INFO  ScriptedRepository:23 - Matching 'Ok, working on 'run this please'...' agains 'run this please'...
2014-10-12 20:05:11 INFO  ScriptedRepository:23 - Matching 'run this please' agains 'run this please'...
2014-10-12 20:05:11 INFO  MainIntegrator:46 - Running ./src/test/resources/sample.sh...
2014-10-12 20:05:12 INFO  ScriptedRepository:23 - Matching 'Ok, working on 'run this please'...' agains 'run this please'...
2014-10-12 20:05:12 INFO  ScriptedRepository:23 - Matching 'Ok, working on 'run this please'...' agains 'run this please'...
2014-10-12 20:05:12 INFO  ScriptedRepository:23 - Matching 'Ok, working on 'run this please'...' agains 'run this please'...
2014-10-12 20:05:12 INFO  ScriptedRepository:23 - Matching 'Ok, working on 'run this please'...' agains 'run this please'...
2014-10-12 20:05:12 INFO  ScriptedRepository:23 - Matching 'Ok, working on 'run this please'...' agains 'run this please'...
2014-10-12 20:05:12 INFO  ScriptedRepository:23 - Matching 'Ok, working on 'run this please'...' agains 'run this please'...
2014-10-12 20:05:12 INFO  ScriptedRepository:23 - Matching 'Ok, working on 'run this please'...' agains 'run this please'...
2014-10-12 20:05:12 INFO  ScriptedRepository:23 - Matching 'Ok, working on 'run this please'...' agains 'run this please'...
2014-10-12 20:05:12 INFO  MainIntegrator:38 - Repository caarlos0/guice-junit-test-runner has 0 open PRs...
2014-10-12 20:05:42 INFO  App:21 - Running...
2014-10-12 20:05:43 INFO  MainIntegrator:38 - Repository caarlos0/github-integrator has 1 open PRs...
2014-10-12 20:05:43 INFO  ScriptedRepository:23 - Matching 'run this please' agains 'run this please'...
2014-10-12 20:05:43 INFO  MainIntegrator:46 - Running ./src/test/resources/sample.sh...
2014-10-12 20:05:43 INFO  ScriptedRepository:23 - Matching 'Ok, working on 'run this please'' agains 'run this please'...
2014-10-12 20:05:43 INFO  ScriptedRepository:23 - Matching 'Ok, working on 'run this please'...' agains 'run this please'...
2014-10-12 20:05:43 INFO  ScriptedRepository:23 - Matching 'Ok, working on 'run this please'...' agains 'run this please'...
2014-10-12 20:05:43 INFO  ScriptedRepository:23 - Matching 'Ok, working on 'run this please'...' agains 'run this please'...
2014-10-12 20:05:43 INFO  ScriptedRepository:23 - Matching 'Ok, working on 'run this please'...' agains 'run this please'...
2014-10-12 20:05:43 INFO  ScriptedRepository:23 - Matching 'Ok, working on 'run this please'...' agains 'run this please'...
2014-10-12 20:05:43 INFO  ScriptedRepository:23 - Matching 'Ok, working on 'run this please'...' agains 'run this please'...
2014-10-12 20:05:43 INFO  ScriptedRepository:23 - Matching 'Ok, working on 'run this please'...' agains 'run this please'...
2014-10-12 20:05:43 INFO  ScriptedRepository:23 - Matching 'Ok, working on 'run this please'...' agains 'run this please'...
2014-10-12 20:05:43 INFO  ScriptedRepository:23 - Matching 'Ok, working on 'run this please'...' agains 'run this please'...
2014-10-12 20:05:43 INFO  ScriptedRepository:23 - Matching 'run this please' agains 'run this please'...
2014-10-12 20:05:43 INFO  MainIntegrator:46 - Running ./src/test/resources/sample.sh...
2014-10-12 20:05:44 INFO  ScriptedRepository:23 - Matching 'Ok, working on 'run this please'...' agains 'run this please'...
2014-10-12 20:05:44 INFO  ScriptedRepository:23 - Matching 'Ok, working on 'run this please'...' agains 'run this please'...
2014-10-12 20:05:44 INFO  ScriptedRepository:23 - Matching 'Ok, working on 'run this please'...' agains 'run this please'...
2014-10-12 20:05:44 INFO  ScriptedRepository:23 - Matching 'Ok, working on 'run this please'...' agains 'run this please'...
2014-10-12 20:05:44 INFO  ScriptedRepository:23 - Matching 'Ok, working on 'run this please'...' agains 'run this please'...
2014-10-12 20:05:44 INFO  ScriptedRepository:23 - Matching 'Ok, working on 'run this please'...' agains 'run this please'...
2014-10-12 20:05:44 INFO  ScriptedRepository:23 - Matching 'Ok, working on 'run this please'...' agains 'run this please'...
2014-10-12 20:05:44 INFO  ScriptedRepository:23 - Matching 'Ok, working on 'run this please'...' agains 'run this please'...
2014-10-12 20:05:44 INFO  ScriptedRepository:23 - Matching 'Ok, working on 'run this please'...' agains 'run this please'...
2014-10-12 20:05:44 INFO  ScriptedRepository:23 - Matching 'Ok, working on 'run this please'...' agains 'run this please'...
2014-10-12 20:05:44 INFO  MainIntegrator:38 - Repository caarlos0/guice-junit-test-runner has 0 open PRs...
2014-10-12 20:09:17 INFO  MainIntegrator:38 - Repository caarlos0/github-integrator has 1 open PRs...
2014-10-12 20:09:17 INFO  ScriptedRepository:23 - Matching 'run this please' agains 'run this please'...
2014-10-12 20:09:17 INFO  MainIntegrator:46 - Running ./src/test/resources/sample.sh...
2014-10-12 20:09:18 INFO  ScriptedRepository:23 - Matching 'Ok, working on 'run this please'' agains 'run this please'...
2014-10-12 20:09:18 INFO  ScriptedRepository:23 - Matching 'Ok, working on 'run this please'...' agains 'run this please'...
2014-10-12 20:09:18 INFO  ScriptedRepository:23 - Matching 'Ok, working on 'run this please'...' agains 'run this please'...
2014-10-12 20:09:18 INFO  ScriptedRepository:23 - Matching 'Ok, working on 'run this please'...' agains 'run this please'...
2014-10-12 20:09:18 INFO  ScriptedRepository:23 - Matching 'Ok, working on 'run this please'...' agains 'run this please'...
2014-10-12 20:09:18 INFO  ScriptedRepository:23 - Matching 'Ok, working on 'run this please'...' agains 'run this please'...
2014-10-12 20:09:18 INFO  ScriptedRepository:23 - Matching 'Ok, working on 'run this please'...' agains 'run this please'...
2014-10-12 20:09:18 INFO  ScriptedRepository:23 - Matching 'Ok, working on 'run this please'...' agains 'run this please'...
2014-10-12 20:09:18 INFO  ScriptedRepository:23 - Matching 'Ok, working on 'run this please'...' agains 'run this please'...
2014-10-12 20:09:18 INFO  ScriptedRepository:23 - Matching 'Ok, working on 'run this please'...' agains 'run this please'...
2014-10-12 20:09:18 INFO  ScriptedRepository:23 - Matching 'run this please' agains 'run this please'...
2014-10-12 20:09:18 INFO  MainIntegrator:46 - Running ./src/test/resources/sample.sh...
2014-10-12 20:09:18 INFO  ScriptedRepository:23 - Matching 'Ok, working on 'run this please'...' agains 'run this please'...
2014-10-12 20:09:18 INFO  ScriptedRepository:23 - Matching 'Ok, working on 'run this please'...' agains 'run this please'...
2014-10-12 20:09:18 INFO  ScriptedRepository:23 - Matching 'Ok, working on 'run this please'...' agains 'run this please'...
2014-10-12 20:09:18 INFO  ScriptedRepository:23 - Matching 'Ok, working on 'run this please'...' agains 'run this please'...
2014-10-12 20:09:18 INFO  ScriptedRepository:23 - Matching 'Ok, working on 'run this please'...' agains 'run this please'...
2014-10-12 20:09:18 INFO  ScriptedRepository:23 - Matching 'Ok, working on 'run this please'...' agains 'run this please'...
2014-10-12 20:09:18 INFO  ScriptedRepository:23 - Matching 'Ok, working on 'run this please'...' agains 'run this please'...
2014-10-12 20:09:18 INFO  ScriptedRepository:23 - Matching 'Ok, working on 'run this please'...' agains 'run this please'...
2014-10-12 20:09:18 INFO  ScriptedRepository:23 - Matching 'Ok, working on 'run this please'...' agains 'run this please'...
2014-10-12 20:09:18 INFO  ScriptedRepository:23 - Matching 'Ok, working on 'run this please'...' agains 'run this please'...
2014-10-12 20:09:18 INFO  ScriptedRepository:23 - Matching 'Ok, working on 'run this please'...' agains 'run this please'...
2014-10-12 20:09:18 INFO  ScriptedRepository:23 - Matching 'Ok, working on 'run this please'...' agains 'run this please'...
2014-10-12 20:09:18 INFO  MainIntegrator:38 - Repository caarlos0/guice-junit-test-runner has 0 open PRs...
2014-10-12 20:28:10 INFO  MainIntegrator:44 - Repository user/repo has 1 open PRs...
2014-10-12 20:28:56 INFO  MainIntegrator:44 - Repository user/repo has 1 open PRs...
2014-10-12 20:28:56 INFO  MainIntegrator:44 - Repository user/repo has 1 open PRs...
2014-10-12 20:28:56 INFO  ScriptedRepository:23 - Matching 'null' agains 'do it'...
2014-10-12 20:29:57 INFO  MainIntegrator:44 - Repository user/repo has 1 open PRs...
2014-10-12 20:29:57 INFO  MainIntegrator:44 - Repository user/repo has 1 open PRs...
2014-10-12 20:29:57 INFO  ScriptedRepository:23 - Matching 'null' agains 'do it'...
2014-10-12 20:30:46 INFO  MainIntegrator:44 - Repository user/repo has 1 open PRs...
2014-10-12 20:30:46 INFO  MainIntegrator:44 - Repository user/repo has 1 open PRs...
2014-10-12 20:30:46 INFO  ScriptedRepository:23 - Matching 'null' agains 'do it'...
2014-10-12 20:30:46 INFO  ScriptedRepository:23 - Matching '' agains 'do it'...
2014-10-12 20:31:14 INFO  MainIntegrator:44 - Repository user/repo has 1 open PRs...
2014-10-12 20:31:14 INFO  MainIntegrator:44 - Repository user/repo has 1 open PRs...
2014-10-12 20:31:14 INFO  ScriptedRepository:23 - Matching 'null' agains 'do it'...
2014-10-12 20:31:14 INFO  MainIntegrator:44 - Repository user/repo has 1 open PRs...
2014-10-12 20:31:14 INFO  ScriptedRepository:23 - Matching '' agains 'do it'...
2014-10-12 20:32:59 INFO  MainIntegrator:44 - Repository user/repo has 1 open PRs...
2014-10-12 20:32:59 INFO  MainIntegrator:44 - Repository user/repo has 1 open PRs...
2014-10-12 20:32:59 INFO  ScriptedRepository:23 - Matching 'null' agains 'do it'...
2014-10-12 20:32:59 INFO  MainIntegrator:44 - Repository user/repo has 1 open PRs...
2014-10-12 20:32:59 INFO  ScriptedRepository:23 - Matching '' agains 'do it'...
2014-10-12 20:32:59 INFO  MainIntegrator:44 - Repository user/repo has 1 open PRs...
2014-10-12 20:32:59 INFO  ScriptedRepository:23 - Matching 'This will not match. Don't do it.' agains 'do it'...
2014-10-12 20:34:51 INFO  MainIntegrator:44 - Repository user/repo has 1 open PRs...
2014-10-12 20:34:51 INFO  ScriptedRepository:23 - Matching 'do it.' agains 'do it'...
2014-10-12 20:34:51 INFO  ScriptedRepository:23 - Matching 'do IT.' agains 'do it'...
2014-10-12 20:34:51 INFO  MainIntegrator:44 - Repository user/repo has 1 open PRs...
2014-10-12 20:34:51 INFO  ScriptedRepository:23 - Matching 'null' agains 'do it'...
2014-10-12 20:34:51 INFO  MainIntegrator:44 - Repository user/repo has 1 open PRs...
2014-10-12 20:34:51 INFO  ScriptedRepository:23 - Matching '' agains 'do it'...
2014-10-12 20:34:51 INFO  MainIntegrator:44 - Repository user/repo has 1 open PRs...
2014-10-12 20:34:51 INFO  ScriptedRepository:23 - Matching 'This will not match. Don't do it.' agains 'do it'...
2014-10-12 20:35:51 INFO  MainIntegrator:44 - Repository user/repo has 1 open PRs...
2014-10-12 20:35:51 INFO  ScriptedRepository:23 - Matching 'do it.' agains 'do it'...
2014-10-12 20:35:51 INFO  ScriptedRepository:23 - Matching 'do IT.' agains 'do it'...
2014-10-12 20:35:51 INFO  MainIntegrator:44 - Repository user/repo has 1 open PRs...
2014-10-12 20:35:51 INFO  MainIntegrator:44 - Repository user/repo has 1 open PRs...
2014-10-12 20:35:51 INFO  ScriptedRepository:23 - Matching 'null' agains 'do it'...
2014-10-12 20:35:51 INFO  MainIntegrator:44 - Repository user/repo has 1 open PRs...
2014-10-12 20:35:51 INFO  ScriptedRepository:23 - Matching '' agains 'do it'...
2014-10-12 20:35:51 INFO  MainIntegrator:44 - Repository user/repo has 1 open PRs...
2014-10-12 20:35:51 INFO  ScriptedRepository:23 - Matching 'This will not match. Don't do it.' agains 'do it'...
2014-10-12 20:36:08 INFO  MainIntegrator:44 - Repository user/repo has 1 open PRs...
2014-10-12 20:36:08 INFO  ScriptedRepository:23 - Matching 'do it.' agains 'do it'...
2014-10-12 20:36:08 INFO  ScriptedRepository:23 - Matching 'do IT.' agains 'do it'...
2014-10-12 20:37:45 INFO  MainIntegrator:44 - Repository user/repo has 1 open PRs...
2014-10-12 20:37:45 INFO  ScriptedRepository:24 - Matching 'do it.' against 'do it'...
2014-10-12 20:37:45 INFO  ScriptedRepository:24 - Matching 'do IT.' against 'do it'...
2014-10-12 20:38:48 INFO  MainIntegrator:44 - Repository user/repo has 1 open PRs...
2014-10-12 20:38:48 INFO  ScriptedRepository:24 - Matching 'do it.' against 'do it'...
2014-10-12 20:39:02 INFO  ScriptedRepository:24 - Matching 'do IT.' against 'do it'...
2014-10-12 20:41:26 INFO  MainIntegrator:44 - Repository user/repo has 1 open PRs...
2014-10-12 20:41:26 INFO  ScriptedRepository:24 - Matching 'do it' against 'do it'...
2014-10-12 20:41:26 INFO  MainIntegrator:52 - Running echo...
2014-10-12 20:41:26 INFO  MainIntegrator:44 - Repository user/repo has 1 open PRs...
2014-10-12 20:41:26 INFO  MainIntegrator:44 - Repository user/repo has 1 open PRs...
2014-10-12 20:41:26 INFO  ScriptedRepository:24 - Matching 'null' against 'do it'...
2014-10-12 20:41:26 INFO  MainIntegrator:44 - Repository user/repo has 1 open PRs...
2014-10-12 20:41:26 INFO  ScriptedRepository:24 - Matching '' against 'do it'...
2014-10-12 20:41:26 INFO  MainIntegrator:44 - Repository user/repo has 1 open PRs...
2014-10-12 20:41:26 INFO  ScriptedRepository:24 - Matching 'This will not match. Don't do it.' against 'do it'...
2014-10-12 20:43:03 INFO  MainIntegrator:44 - Repository user/repo has 1 open PRs...
2014-10-12 20:43:03 INFO  ScriptedRepository:24 - Matching 'do it' against 'do it'...
2014-10-12 20:43:03 INFO  MainIntegrator:52 - Running echo...
2014-10-12 20:43:03 INFO  ScriptedRepository:24 - Matching 'do IT' against 'do it'...
2014-10-12 20:43:03 INFO  MainIntegrator:52 - Running echo...
2014-10-12 20:43:03 INFO  MainIntegrator:44 - Repository user/repo has 1 open PRs...
2014-10-12 20:43:03 INFO  MainIntegrator:44 - Repository user/repo has 1 open PRs...
2014-10-12 20:43:03 INFO  ScriptedRepository:24 - Matching 'null' against 'do it'...
2014-10-12 20:43:03 INFO  MainIntegrator:44 - Repository user/repo has 1 open PRs...
2014-10-12 20:43:03 INFO  ScriptedRepository:24 - Matching '' against 'do it'...
2014-10-12 20:43:03 INFO  MainIntegrator:44 - Repository user/repo has 1 open PRs...
2014-10-12 20:43:03 INFO  ScriptedRepository:24 - Matching 'This will not match. Don't do it.' against 'do it'...
2014-10-12 20:44:29 INFO  MainIntegrator:44 - Repository user/repo has 1 open PRs...
2014-10-12 20:44:29 INFO  ScriptedRepository:24 - Matching 'do it' against 'do it'...
2014-10-12 20:44:29 INFO  MainIntegrator:52 - Running echo...
2014-10-12 20:44:29 INFO  ScriptedRepository:24 - Matching 'do IT' against 'do it'...
2014-10-12 20:44:29 INFO  MainIntegrator:52 - Running echo...
2014-10-12 20:44:29 INFO  MainIntegrator:44 - Repository user/repo has 1 open PRs...
2014-10-12 20:44:29 INFO  MainIntegrator:44 - Repository user/repo has 1 open PRs...
2014-10-12 20:44:29 INFO  ScriptedRepository:24 - Matching 'null' against 'do it'...
2014-10-12 20:44:29 INFO  MainIntegrator:44 - Repository user/repo has 1 open PRs...
2014-10-12 20:44:29 INFO  ScriptedRepository:24 - Matching '' against 'do it'...
2014-10-12 20:44:29 INFO  MainIntegrator:44 - Repository user/repo has 1 open PRs...
2014-10-12 20:44:29 INFO  ScriptedRepository:24 - Matching 'This will not match. Don't do it.' against 'do it'...
2014-10-12 20:45:55 INFO  MainIntegrator:44 - Repository user/repo has 1 open PRs...
2014-10-12 20:45:55 INFO  ScriptedRepository:24 - Matching 'do it' against 'do it'...
2014-10-12 20:45:55 INFO  MainIntegrator:52 - Running echo...
2014-10-12 20:45:55 INFO  ScriptedRepository:24 - Matching 'do IT' against 'do it'...
2014-10-12 20:45:55 INFO  MainIntegrator:52 - Running echo...
2014-10-12 20:45:55 INFO  MainIntegrator:44 - Repository user/repo has 1 open PRs...
2014-10-12 20:45:55 INFO  MainIntegrator:44 - Repository user/repo has 1 open PRs...
2014-10-12 20:45:55 INFO  ScriptedRepository:24 - Matching 'null' against 'do it'...
2014-10-12 20:45:55 INFO  MainIntegrator:44 - Repository user/repo has 1 open PRs...
2014-10-12 20:45:55 INFO  ScriptedRepository:24 - Matching '' against 'do it'...
2014-10-12 20:45:55 INFO  MainIntegrator:44 - Repository user/repo has 1 open PRs...
2014-10-12 20:45:55 INFO  ScriptedRepository:24 - Matching 'This will not match. Don't do it.' against 'do it'...
2014-10-12 20:47:33 INFO  MainIntegrator:44 - Repository user/repo has 1 open PRs...
2014-10-12 20:47:33 INFO  ScriptedRepository:24 - Matching 'do it' against 'do it'...
2014-10-12 20:47:33 INFO  MainIntegrator:52 - Running echo...
2014-10-12 20:47:33 INFO  ScriptedRepository:24 - Matching 'do IT' against 'do it'...
2014-10-12 20:47:33 INFO  MainIntegrator:52 - Running echo...
2014-10-12 20:47:33 INFO  MainIntegrator:44 - Repository user/repo has 1 open PRs...
2014-10-12 20:47:33 INFO  MainIntegrator:44 - Repository user/repo has 1 open PRs...
2014-10-12 20:47:33 INFO  ScriptedRepository:24 - Matching 'null' against 'do it'...
2014-10-12 20:47:33 INFO  MainIntegrator:44 - Repository user/repo has 1 open PRs...
2014-10-12 20:47:33 INFO  ScriptedRepository:24 - Matching '' against 'do it'...
2014-10-12 20:47:33 INFO  MainIntegrator:44 - Repository user/repo has 1 open PRs...
2014-10-12 20:47:33 INFO  ScriptedRepository:24 - Matching 'This will not match. Don't do it.' against 'do it'...
